2020-08-31 10:04:35.258  INFO 17712 --- [main] c.b.s.wfx.SpringbootWfxApplication       : Starting SpringbootWfxApplication on DESKTOP-LI5ND8M with PID 17712 (F:\github\SpringBoot-wfx\target\classes started by bessc in F:\github\SpringBoot-wfx)
2020-08-31 10:04:35.269  INFO 17712 --- [main] c.b.s.wfx.SpringbootWfxApplication       : No active profile set, falling back to default profiles: default
2020-08-31 10:04:36.669  INFO 17712 --- [main] o.s.b.w.embedded.tomcat.TomcatWebServer  : Tomcat initialized with port(s): 8080 (http)
2020-08-31 10:04:36.676  INFO 17712 --- [main] o.apache.catalina.core.StandardService   : Starting service [Tomcat]
2020-08-31 10:04:36.676  INFO 17712 --- [main] org.apache.catalina.core.StandardEngine  : Starting Servlet engine: [Apache Tomcat/9.0.37]
2020-08-31 10:04:36.679  INFO 17712 --- [main] o.a.catalina.core.AprLifecycleListener   : Loaded Apache Tomcat Native library [1.2.24] using APR version [1.7.0].
2020-08-31 10:04:36.679  INFO 17712 --- [main] o.a.catalina.core.AprLifecycleListener   : APR capabilities: IPv6 [true], sendfile [true], accept filters [false], random [true].
2020-08-31 10:04:36.679  INFO 17712 --- [main] o.a.catalina.core.AprLifecycleListener   : APR/OpenSSL configuration: useAprConnector [false], useOpenSSL [true]
2020-08-31 10:04:36.690  INFO 17712 --- [main] o.a.catalina.core.AprLifecycleListener   : OpenSSL successfully initialized [OpenSSL 1.1.1g  21 Apr 2020]
2020-08-31 10:04:36.772  INFO 17712 --- [main] o.a.c.c.C.[Tomcat].[localhost].[/]       : Initializing Spring embedded WebApplicationContext
2020-08-31 10:04:36.773  INFO 17712 --- [main] w.s.c.ServletWebServerApplicationContext : Root WebApplicationContext: initialization completed in 1434 ms
2020-08-31 10:04:36.842  INFO 17712 --- [main] c.a.d.s.b.a.DruidDataSourceAutoConfigure : Init DruidDataSource
2020-08-31 10:04:36.981  INFO 17712 --- [main] com.alibaba.druid.pool.DruidDataSource   : {dataSource-1} inited
2020-08-31 10:04:37.607  INFO 17712 --- [main] pertySourcedRequestMappingHandlerMapping : Mapped URL path [/v2/api-docs] onto method [springfox.documentation.swagger2.web.Swagger2Controller#getDocumentation(String, HttpServletRequest)]
2020-08-31 10:04:37.776  INFO 17712 --- [main] o.s.s.concurrent.ThreadPoolTaskExecutor  : Initializing ExecutorService 'applicationTaskExecutor'
2020-08-31 10:04:37.838  INFO 17712 --- [main] o.s.b.a.w.s.WelcomePageHandlerMapping    : Adding welcome page: ServletContext resource [/index.html]
2020-08-31 10:04:37.994  INFO 17712 --- [main] o.s.b.w.embedded.tomcat.TomcatWebServer  : Tomcat started on port(s): 8080 (http) with context path ''
2020-08-31 10:04:37.995  INFO 17712 --- [main] d.s.w.p.DocumentationPluginsBootstrapper : Context refreshed
2020-08-31 10:04:38.014  INFO 17712 --- [main] d.s.w.p.DocumentationPluginsBootstrapper : Found 1 custom documentation plugin(s)
2020-08-31 10:04:38.054  INFO 17712 --- [main] s.d.s.w.s.ApiListingReferenceScanner     : Scanning for api listing references
2020-08-31 10:04:38.083  INFO 17712 --- [main] c.b.s.wfx.SpringbootWfxApplication       : Started SpringbootWfxApplication in 3.39 seconds (JVM running for 4.988)
2020-08-31 10:23:00.297  INFO 17712 --- [http-nio-8080-exec-1] o.a.c.c.C.[Tomcat].[localhost].[/]       : Initializing Spring DispatcherServlet 'dispatcherServlet'
2020-08-31 10:23:00.297  INFO 17712 --- [http-nio-8080-exec-1] o.s.web.servlet.DispatcherServlet        : Initializing Servlet 'dispatcherServlet'
2020-08-31 10:23:00.302  INFO 17712 --- [http-nio-8080-exec-1] o.s.web.servlet.DispatcherServlet        : Completed initialization in 5 ms
2020-08-31 10:33:39.097  INFO 17844 --- [main] c.b.s.wfx.SpringbootWfxApplication       : Starting SpringbootWfxApplication on DESKTOP-LI5ND8M with PID 17844 (F:\github\SpringBoot-wfx\target\classes started by bessc in F:\github\SpringBoot-wfx)
2020-08-31 10:33:39.101  INFO 17844 --- [main] c.b.s.wfx.SpringbootWfxApplication       : No active profile set, falling back to default profiles: default
2020-08-31 10:33:40.812  INFO 17844 --- [main] o.s.b.w.embedded.tomcat.TomcatWebServer  : Tomcat initialized with port(s): 8080 (http)
2020-08-31 10:33:40.819  INFO 17844 --- [main] o.apache.catalina.core.StandardService   : Starting service [Tomcat]
2020-08-31 10:33:40.820  INFO 17844 --- [main] org.apache.catalina.core.StandardEngine  : Starting Servlet engine: [Apache Tomcat/9.0.37]
2020-08-31 10:33:40.821  INFO 17844 --- [main] o.a.catalina.core.AprLifecycleListener   : Loaded Apache Tomcat Native library [1.2.24] using APR version [1.7.0].
2020-08-31 10:33:40.821  INFO 17844 --- [main] o.a.catalina.core.AprLifecycleListener   : APR capabilities: IPv6 [true], sendfile [true], accept filters [false], random [true].
2020-08-31 10:33:40.822  INFO 17844 --- [main] o.a.catalina.core.AprLifecycleListener   : APR/OpenSSL configuration: useAprConnector [false], useOpenSSL [true]
2020-08-31 10:33:40.826  INFO 17844 --- [main] o.a.catalina.core.AprLifecycleListener   : OpenSSL successfully initialized [OpenSSL 1.1.1g  21 Apr 2020]
2020-08-31 10:33:40.907  INFO 17844 --- [main] o.a.c.c.C.[Tomcat].[localhost].[/]       : Initializing Spring embedded WebApplicationContext
2020-08-31 10:33:40.908  INFO 17844 --- [main] w.s.c.ServletWebServerApplicationContext : Root WebApplicationContext: initialization completed in 1744 ms
2020-08-31 10:33:40.990  INFO 17844 --- [main] c.a.d.s.b.a.DruidDataSourceAutoConfigure : Init DruidDataSource
2020-08-31 10:33:41.111  INFO 17844 --- [main] com.alibaba.druid.pool.DruidDataSource   : {dataSource-1} inited
2020-08-31 10:33:41.660  INFO 17844 --- [main] pertySourcedRequestMappingHandlerMapping : Mapped URL path [/v2/api-docs] onto method [springfox.documentation.swagger2.web.Swagger2Controller#getDocumentation(String, HttpServletRequest)]
2020-08-31 10:33:41.837  INFO 17844 --- [main] o.s.s.concurrent.ThreadPoolTaskExecutor  : Initializing ExecutorService 'applicationTaskExecutor'
2020-08-31 10:33:41.889  INFO 17844 --- [main] o.s.b.a.w.s.WelcomePageHandlerMapping    : Adding welcome page: ServletContext resource [/index.html]
2020-08-31 10:33:41.994  INFO 17844 --- [main] o.s.b.w.embedded.tomcat.TomcatWebServer  : Tomcat started on port(s): 8080 (http) with context path ''
2020-08-31 10:33:41.994  INFO 17844 --- [main] d.s.w.p.DocumentationPluginsBootstrapper : Context refreshed
2020-08-31 10:33:42.007  INFO 17844 --- [main] d.s.w.p.DocumentationPluginsBootstrapper : Found 1 custom documentation plugin(s)
2020-08-31 10:33:42.031  INFO 17844 --- [main] s.d.s.w.s.ApiListingReferenceScanner     : Scanning for api listing references
2020-08-31 10:33:42.047  INFO 17844 --- [main] c.b.s.wfx.SpringbootWfxApplication       : Started SpringbootWfxApplication in 3.391 seconds (JVM running for 4.82)
2020-08-31 10:33:51.076  INFO 17844 --- [http-nio-8080-exec-1] o.a.c.c.C.[Tomcat].[localhost].[/]       : Initializing Spring DispatcherServlet 'dispatcherServlet'
2020-08-31 10:33:51.077  INFO 17844 --- [http-nio-8080-exec-1] o.s.web.servlet.DispatcherServlet        : Initializing Servlet 'dispatcherServlet'
2020-08-31 10:33:51.081  INFO 17844 --- [http-nio-8080-exec-1] o.s.web.servlet.DispatcherServlet        : Completed initialization in 4 ms
2020-08-31 10:58:27.679  INFO 11964 --- [main] c.b.s.wfx.SpringbootWfxApplication       : Starting SpringbootWfxApplication on DESKTOP-LI5ND8M with PID 11964 (F:\github\SpringBoot-wfx\target\classes started by bessc in F:\github\SpringBoot-wfx)
2020-08-31 10:58:27.682  INFO 11964 --- [main] c.b.s.wfx.SpringbootWfxApplication       : No active profile set, falling back to default profiles: default
2020-08-31 10:58:28.719  INFO 11964 --- [main] o.s.b.w.embedded.tomcat.TomcatWebServer  : Tomcat initialized with port(s): 8080 (http)
2020-08-31 10:58:28.726  INFO 11964 --- [main] o.apache.catalina.core.StandardService   : Starting service [Tomcat]
2020-08-31 10:58:28.727  INFO 11964 --- [main] org.apache.catalina.core.StandardEngine  : Starting Servlet engine: [Apache Tomcat/9.0.37]
2020-08-31 10:58:28.728  INFO 11964 --- [main] o.a.catalina.core.AprLifecycleListener   : Loaded Apache Tomcat Native library [1.2.24] using APR version [1.7.0].
2020-08-31 10:58:28.728  INFO 11964 --- [main] o.a.catalina.core.AprLifecycleListener   : APR capabilities: IPv6 [true], sendfile [true], accept filters [false], random [true].
2020-08-31 10:58:28.728  INFO 11964 --- [main] o.a.catalina.core.AprLifecycleListener   : APR/OpenSSL configuration: useAprConnector [false], useOpenSSL [true]
2020-08-31 10:58:28.731  INFO 11964 --- [main] o.a.catalina.core.AprLifecycleListener   : OpenSSL successfully initialized [OpenSSL 1.1.1g  21 Apr 2020]
2020-08-31 10:58:28.797  INFO 11964 --- [main] o.a.c.c.C.[Tomcat].[localhost].[/]       : Initializing Spring embedded WebApplicationContext
2020-08-31 10:58:28.797  INFO 11964 --- [main] w.s.c.ServletWebServerApplicationContext : Root WebApplicationContext: initialization completed in 1074 ms
2020-08-31 10:58:28.863  INFO 11964 --- [main] c.a.d.s.b.a.DruidDataSourceAutoConfigure : Init DruidDataSource
2020-08-31 10:58:28.964  INFO 11964 --- [main] com.alibaba.druid.pool.DruidDataSource   : {dataSource-1} inited
2020-08-31 10:58:29.429  INFO 11964 --- [main] pertySourcedRequestMappingHandlerMapping : Mapped URL path [/v2/api-docs] onto method [springfox.documentation.swagger2.web.Swagger2Controller#getDocumentation(String, HttpServletRequest)]
2020-08-31 10:58:29.575  INFO 11964 --- [main] o.s.s.concurrent.ThreadPoolTaskExecutor  : Initializing ExecutorService 'applicationTaskExecutor'
2020-08-31 10:58:29.628  INFO 11964 --- [main] o.s.b.a.w.s.WelcomePageHandlerMapping    : Adding welcome page: ServletContext resource [/index.html]
2020-08-31 10:58:29.741  INFO 11964 --- [main] o.s.b.w.embedded.tomcat.TomcatWebServer  : Tomcat started on port(s): 8080 (http) with context path ''
2020-08-31 10:58:29.743  INFO 11964 --- [main] d.s.w.p.DocumentationPluginsBootstrapper : Context refreshed
2020-08-31 10:58:29.758  INFO 11964 --- [main] d.s.w.p.DocumentationPluginsBootstrapper : Found 1 custom documentation plugin(s)
2020-08-31 10:58:29.782  INFO 11964 --- [main] s.d.s.w.s.ApiListingReferenceScanner     : Scanning for api listing references
2020-08-31 10:58:29.799  INFO 11964 --- [main] c.b.s.wfx.SpringbootWfxApplication       : Started SpringbootWfxApplication in 2.492 seconds (JVM running for 4.262)
2020-08-31 10:59:09.796  INFO 11964 --- [http-nio-8080-exec-1] o.a.c.c.C.[Tomcat].[localhost].[/]       : Initializing Spring DispatcherServlet 'dispatcherServlet'
2020-08-31 10:59:09.797  INFO 11964 --- [http-nio-8080-exec-1] o.s.web.servlet.DispatcherServlet        : Initializing Servlet 'dispatcherServlet'
2020-08-31 10:59:09.802  INFO 11964 --- [http-nio-8080-exec-1] o.s.web.servlet.DispatcherServlet        : Completed initialization in 5 ms
2020-08-31 11:01:38.831  INFO 8800 --- [main] c.b.s.wfx.SpringbootWfxApplication       : Starting SpringbootWfxApplication on DESKTOP-LI5ND8M with PID 8800 (F:\github\SpringBoot-wfx\target\classes started by bessc in F:\github\SpringBoot-wfx)
2020-08-31 11:01:38.833  INFO 8800 --- [main] c.b.s.wfx.SpringbootWfxApplication       : No active profile set, falling back to default profiles: default
2020-08-31 11:01:39.955  INFO 8800 --- [main] o.s.b.w.embedded.tomcat.TomcatWebServer  : Tomcat initialized with port(s): 8080 (http)
2020-08-31 11:01:39.962  INFO 8800 --- [main] o.apache.catalina.core.StandardService   : Starting service [Tomcat]
2020-08-31 11:01:39.962  INFO 8800 --- [main] org.apache.catalina.core.StandardEngine  : Starting Servlet engine: [Apache Tomcat/9.0.37]
2020-08-31 11:01:39.963  INFO 8800 --- [main] o.a.catalina.core.AprLifecycleListener   : Loaded Apache Tomcat Native library [1.2.24] using APR version [1.7.0].
2020-08-31 11:01:39.964  INFO 8800 --- [main] o.a.catalina.core.AprLifecycleListener   : APR capabilities: IPv6 [true], sendfile [true], accept filters [false], random [true].
2020-08-31 11:01:39.964  INFO 8800 --- [main] o.a.catalina.core.AprLifecycleListener   : APR/OpenSSL configuration: useAprConnector [false], useOpenSSL [true]
2020-08-31 11:01:39.967  INFO 8800 --- [main] o.a.catalina.core.AprLifecycleListener   : OpenSSL successfully initialized [OpenSSL 1.1.1g  21 Apr 2020]
2020-08-31 11:01:40.041  INFO 8800 --- [main] o.a.c.c.C.[Tomcat].[localhost].[/]       : Initializing Spring embedded WebApplicationContext
2020-08-31 11:01:40.041  INFO 8800 --- [main] w.s.c.ServletWebServerApplicationContext : Root WebApplicationContext: initialization completed in 1161 ms
2020-08-31 11:01:40.111  INFO 8800 --- [main] c.a.d.s.b.a.DruidDataSourceAutoConfigure : Init DruidDataSource
2020-08-31 11:01:40.214  INFO 8800 --- [main] com.alibaba.druid.pool.DruidDataSource   : {dataSource-1} inited
2020-08-31 11:01:40.692  INFO 8800 --- [main] pertySourcedRequestMappingHandlerMapping : Mapped URL path [/v2/api-docs] onto method [springfox.documentation.swagger2.web.Swagger2Controller#getDocumentation(String, HttpServletRequest)]
2020-08-31 11:01:40.825  INFO 8800 --- [main] o.s.s.concurrent.ThreadPoolTaskExecutor  : Initializing ExecutorService 'applicationTaskExecutor'
2020-08-31 11:01:40.874  INFO 8800 --- [main] o.s.b.a.w.s.WelcomePageHandlerMapping    : Adding welcome page: ServletContext resource [/index.html]
2020-08-31 11:01:40.988  INFO 8800 --- [main] o.s.b.w.embedded.tomcat.TomcatWebServer  : Tomcat started on port(s): 8080 (http) with context path ''
2020-08-31 11:01:40.989  INFO 8800 --- [main] d.s.w.p.DocumentationPluginsBootstrapper : Context refreshed
2020-08-31 11:01:41.004  INFO 8800 --- [main] d.s.w.p.DocumentationPluginsBootstrapper : Found 1 custom documentation plugin(s)
2020-08-31 11:01:41.030  INFO 8800 --- [main] s.d.s.w.s.ApiListingReferenceScanner     : Scanning for api listing references
2020-08-31 11:01:41.136  INFO 8800 --- [main] .d.s.w.r.o.CachingOperationNameGenerator : Generating unique operation named: loginUsingPOST_1
2020-08-31 11:01:41.152  INFO 8800 --- [main] c.b.s.wfx.SpringbootWfxApplication       : Started SpringbootWfxApplication in 2.737 seconds (JVM running for 4.375)
2020-08-31 11:01:47.461  INFO 8800 --- [http-nio-8080-exec-1] o.a.c.c.C.[Tomcat].[localhost].[/]       : Initializing Spring DispatcherServlet 'dispatcherServlet'
2020-08-31 11:01:47.461  INFO 8800 --- [http-nio-8080-exec-1] o.s.web.servlet.DispatcherServlet        : Initializing Servlet 'dispatcherServlet'
2020-08-31 11:01:47.465  INFO 8800 --- [http-nio-8080-exec-1] o.s.web.servlet.DispatcherServlet        : Completed initialization in 4 ms
2020-08-31 11:02:34.442  INFO 11492 --- [main] c.b.s.wfx.SpringbootWfxApplication       : Starting SpringbootWfxApplication on DESKTOP-LI5ND8M with PID 11492 (F:\github\SpringBoot-wfx\target\classes started by bessc in F:\github\SpringBoot-wfx)
2020-08-31 11:02:34.446  INFO 11492 --- [main] c.b.s.wfx.SpringbootWfxApplication       : No active profile set, falling back to default profiles: default
2020-08-31 11:02:35.618  INFO 11492 --- [main] o.s.b.w.embedded.tomcat.TomcatWebServer  : Tomcat initialized with port(s): 8080 (http)
2020-08-31 11:02:35.626  INFO 11492 --- [main] o.apache.catalina.core.StandardService   : Starting service [Tomcat]
2020-08-31 11:02:35.627  INFO 11492 --- [main] org.apache.catalina.core.StandardEngine  : Starting Servlet engine: [Apache Tomcat/9.0.37]
2020-08-31 11:02:35.629  INFO 11492 --- [main] o.a.catalina.core.AprLifecycleListener   : Loaded Apache Tomcat Native library [1.2.24] using APR version [1.7.0].
2020-08-31 11:02:35.630  INFO 11492 --- [main] o.a.catalina.core.AprLifecycleListener   : APR capabilities: IPv6 [true], sendfile [true], accept filters [false], random [true].
2020-08-31 11:02:35.630  INFO 11492 --- [main] o.a.catalina.core.AprLifecycleListener   : APR/OpenSSL configuration: useAprConnector [false], useOpenSSL [true]
2020-08-31 11:02:35.633  INFO 11492 --- [main] o.a.catalina.core.AprLifecycleListener   : OpenSSL successfully initialized [OpenSSL 1.1.1g  21 Apr 2020]
2020-08-31 11:02:35.717  INFO 11492 --- [main] o.a.c.c.C.[Tomcat].[localhost].[/]       : Initializing Spring embedded WebApplicationContext
2020-08-31 11:02:35.717  INFO 11492 --- [main] w.s.c.ServletWebServerApplicationContext : Root WebApplicationContext: initialization completed in 1216 ms
2020-08-31 11:02:35.798  INFO 11492 --- [main] c.a.d.s.b.a.DruidDataSourceAutoConfigure : Init DruidDataSource
2020-08-31 11:02:35.923  INFO 11492 --- [main] com.alibaba.druid.pool.DruidDataSource   : {dataSource-1} inited
2020-08-31 11:02:36.425  INFO 11492 --- [main] pertySourcedRequestMappingHandlerMapping : Mapped URL path [/v2/api-docs] onto method [springfox.documentation.swagger2.web.Swagger2Controller#getDocumentation(String, HttpServletRequest)]
2020-08-31 11:02:36.602  INFO 11492 --- [main] o.s.s.concurrent.ThreadPoolTaskExecutor  : Initializing ExecutorService 'applicationTaskExecutor'
2020-08-31 11:02:36.654  INFO 11492 --- [main] o.s.b.a.w.s.WelcomePageHandlerMapping    : Adding welcome page: ServletContext resource [/index.html]
2020-08-31 11:02:36.786  INFO 11492 --- [main] o.s.b.w.embedded.tomcat.TomcatWebServer  : Tomcat started on port(s): 8080 (http) with context path ''
2020-08-31 11:02:36.788  INFO 11492 --- [main] d.s.w.p.DocumentationPluginsBootstrapper : Context refreshed
2020-08-31 11:02:36.803  INFO 11492 --- [main] d.s.w.p.DocumentationPluginsBootstrapper : Found 1 custom documentation plugin(s)
2020-08-31 11:02:36.832  INFO 11492 --- [main] s.d.s.w.s.ApiListingReferenceScanner     : Scanning for api listing references
2020-08-31 11:02:36.948  INFO 11492 --- [main] .d.s.w.r.o.CachingOperationNameGenerator : Generating unique operation named: loginUsingPOST_1
2020-08-31 11:02:36.963  INFO 11492 --- [main] c.b.s.wfx.SpringbootWfxApplication       : Started SpringbootWfxApplication in 2.987 seconds (JVM running for 4.497)
2020-08-31 11:02:41.701  INFO 11492 --- [http-nio-8080-exec-1] o.a.c.c.C.[Tomcat].[localhost].[/]       : Initializing Spring DispatcherServlet 'dispatcherServlet'
2020-08-31 11:02:41.701  INFO 11492 --- [http-nio-8080-exec-1] o.s.web.servlet.DispatcherServlet        : Initializing Servlet 'dispatcherServlet'
2020-08-31 11:02:41.705  INFO 11492 --- [http-nio-8080-exec-1] o.s.web.servlet.DispatcherServlet        : Completed initialization in 4 ms
2020-08-31 11:06:07.631  INFO 10000 --- [main] c.b.s.wfx.SpringbootWfxApplication       : Starting SpringbootWfxApplication on DESKTOP-LI5ND8M with PID 10000 (F:\github\SpringBoot-wfx\target\classes started by bessc in F:\github\SpringBoot-wfx)
2020-08-31 11:06:07.633  INFO 10000 --- [main] c.b.s.wfx.SpringbootWfxApplication       : No active profile set, falling back to default profiles: default
2020-08-31 11:06:08.779  INFO 10000 --- [main] o.s.b.w.embedded.tomcat.TomcatWebServer  : Tomcat initialized with port(s): 8080 (http)
2020-08-31 11:06:08.788  INFO 10000 --- [main] o.apache.catalina.core.StandardService   : Starting service [Tomcat]
2020-08-31 11:06:08.789  INFO 10000 --- [main] org.apache.catalina.core.StandardEngine  : Starting Servlet engine: [Apache Tomcat/9.0.37]
2020-08-31 11:06:08.790  INFO 10000 --- [main] o.a.catalina.core.AprLifecycleListener   : Loaded Apache Tomcat Native library [1.2.24] using APR version [1.7.0].
2020-08-31 11:06:08.791  INFO 10000 --- [main] o.a.catalina.core.AprLifecycleListener   : APR capabilities: IPv6 [true], sendfile [true], accept filters [false], random [true].
2020-08-31 11:06:08.791  INFO 10000 --- [main] o.a.catalina.core.AprLifecycleListener   : APR/OpenSSL configuration: useAprConnector [false], useOpenSSL [true]
2020-08-31 11:06:08.796  INFO 10000 --- [main] o.a.catalina.core.AprLifecycleListener   : OpenSSL successfully initialized [OpenSSL 1.1.1g  21 Apr 2020]
2020-08-31 11:06:08.870  INFO 10000 --- [main] o.a.c.c.C.[Tomcat].[localhost].[/]       : Initializing Spring embedded WebApplicationContext
2020-08-31 11:06:08.870  INFO 10000 --- [main] w.s.c.ServletWebServerApplicationContext : Root WebApplicationContext: initialization completed in 1195 ms
2020-08-31 11:06:08.940  INFO 10000 --- [main] c.a.d.s.b.a.DruidDataSourceAutoConfigure : Init DruidDataSource
2020-08-31 11:06:09.048  INFO 10000 --- [main] com.alibaba.druid.pool.DruidDataSource   : {dataSource-1} inited
2020-08-31 11:06:09.521  INFO 10000 --- [main] pertySourcedRequestMappingHandlerMapping : Mapped URL path [/v2/api-docs] onto method [springfox.documentation.swagger2.web.Swagger2Controller#getDocumentation(String, HttpServletRequest)]
2020-08-31 11:06:09.649  INFO 10000 --- [main] o.s.s.concurrent.ThreadPoolTaskExecutor  : Initializing ExecutorService 'applicationTaskExecutor'
2020-08-31 11:06:09.694  INFO 10000 --- [main] o.s.b.a.w.s.WelcomePageHandlerMapping    : Adding welcome page: ServletContext resource [/index.html]
2020-08-31 11:06:09.806  INFO 10000 --- [main] o.s.b.w.embedded.tomcat.TomcatWebServer  : Tomcat started on port(s): 8080 (http) with context path ''
2020-08-31 11:06:09.807  INFO 10000 --- [main] d.s.w.p.DocumentationPluginsBootstrapper : Context refreshed
2020-08-31 11:06:09.820  INFO 10000 --- [main] d.s.w.p.DocumentationPluginsBootstrapper : Found 1 custom documentation plugin(s)
2020-08-31 11:06:09.846  INFO 10000 --- [main] s.d.s.w.s.ApiListingReferenceScanner     : Scanning for api listing references
2020-08-31 11:06:09.941  INFO 10000 --- [main] .d.s.w.r.o.CachingOperationNameGenerator : Generating unique operation named: loginUsingPOST_1
2020-08-31 11:06:09.956  INFO 10000 --- [main] c.b.s.wfx.SpringbootWfxApplication       : Started SpringbootWfxApplication in 2.811 seconds (JVM running for 4.474)
2020-08-31 11:06:33.198  INFO 10000 --- [http-nio-8080-exec-1] o.a.c.c.C.[Tomcat].[localhost].[/]       : Initializing Spring DispatcherServlet 'dispatcherServlet'
2020-08-31 11:06:33.199  INFO 10000 --- [http-nio-8080-exec-1] o.s.web.servlet.DispatcherServlet        : Initializing Servlet 'dispatcherServlet'
2020-08-31 11:06:33.207  INFO 10000 --- [http-nio-8080-exec-1] o.s.web.servlet.DispatcherServlet        : Completed initialization in 8 ms
2020-08-31 11:07:14.199  WARN 10000 --- [http-nio-8080-exec-2] .w.s.m.s.DefaultHandlerExceptionResolver : Resolved [org.springframework.web.bind.MissingRequestHeaderException: Missing request header 'token' for method parameter of type String]
2020-08-31 11:09:59.142  INFO 10056 --- [main] c.b.s.wfx.SpringbootWfxApplication       : Starting SpringbootWfxApplication on DESKTOP-LI5ND8M with PID 10056 (F:\github\SpringBoot-wfx\target\classes started by bessc in F:\github\SpringBoot-wfx)
2020-08-31 11:09:59.144  INFO 10056 --- [main] c.b.s.wfx.SpringbootWfxApplication       : No active profile set, falling back to default profiles: default
2020-08-31 11:10:00.423  INFO 10056 --- [main] o.s.b.w.embedded.tomcat.TomcatWebServer  : Tomcat initialized with port(s): 8080 (http)
2020-08-31 11:10:00.431  INFO 10056 --- [main] o.apache.catalina.core.StandardService   : Starting service [Tomcat]
2020-08-31 11:10:00.433  INFO 10056 --- [main] org.apache.catalina.core.StandardEngine  : Starting Servlet engine: [Apache Tomcat/9.0.37]
2020-08-31 11:10:00.437  INFO 10056 --- [main] o.a.catalina.core.AprLifecycleListener   : Loaded Apache Tomcat Native library [1.2.24] using APR version [1.7.0].
2020-08-31 11:10:00.448  INFO 10056 --- [main] o.a.catalina.core.AprLifecycleListener   : APR capabilities: IPv6 [true], sendfile [true], accept filters [false], random [true].
2020-08-31 11:10:00.450  INFO 10056 --- [main] o.a.catalina.core.AprLifecycleListener   : APR/OpenSSL configuration: useAprConnector [false], useOpenSSL [true]
2020-08-31 11:10:00.461  INFO 10056 --- [main] o.a.catalina.core.AprLifecycleListener   : OpenSSL successfully initialized [OpenSSL 1.1.1g  21 Apr 2020]
2020-08-31 11:10:00.550  INFO 10056 --- [main] o.a.c.c.C.[Tomcat].[localhost].[/]       : Initializing Spring embedded WebApplicationContext
2020-08-31 11:10:00.550  INFO 10056 --- [main] w.s.c.ServletWebServerApplicationContext : Root WebApplicationContext: initialization completed in 1356 ms
2020-08-31 11:10:00.622  INFO 10056 --- [main] c.a.d.s.b.a.DruidDataSourceAutoConfigure : Init DruidDataSource
2020-08-31 11:10:00.741  INFO 10056 --- [main] com.alibaba.druid.pool.DruidDataSource   : {dataSource-1} inited
2020-08-31 11:10:01.237  INFO 10056 --- [main] pertySourcedRequestMappingHandlerMapping : Mapped URL path [/v2/api-docs] onto method [springfox.documentation.swagger2.web.Swagger2Controller#getDocumentation(String, HttpServletRequest)]
2020-08-31 11:10:01.398  INFO 10056 --- [main] o.s.s.concurrent.ThreadPoolTaskExecutor  : Initializing ExecutorService 'applicationTaskExecutor'
2020-08-31 11:10:01.498  INFO 10056 --- [main] o.s.b.a.w.s.WelcomePageHandlerMapping    : Adding welcome page: ServletContext resource [/index.html]
2020-08-31 11:10:01.650  INFO 10056 --- [main] o.s.b.w.embedded.tomcat.TomcatWebServer  : Tomcat started on port(s): 8080 (http) with context path ''
2020-08-31 11:10:01.651  INFO 10056 --- [main] d.s.w.p.DocumentationPluginsBootstrapper : Context refreshed
2020-08-31 11:10:01.666  INFO 10056 --- [main] d.s.w.p.DocumentationPluginsBootstrapper : Found 1 custom documentation plugin(s)
2020-08-31 11:10:01.692  INFO 10056 --- [main] s.d.s.w.s.ApiListingReferenceScanner     : Scanning for api listing references
2020-08-31 11:10:01.837  INFO 10056 --- [main] .d.s.w.r.o.CachingOperationNameGenerator : Generating unique operation named: loginUsingPOST_1
2020-08-31 11:10:01.862  INFO 10056 --- [main] c.b.s.wfx.SpringbootWfxApplication       : Started SpringbootWfxApplication in 3.209 seconds (JVM running for 4.726)
2020-08-31 11:10:19.781  INFO 10056 --- [http-nio-8080-exec-1] o.a.c.c.C.[Tomcat].[localhost].[/]       : Initializing Spring DispatcherServlet 'dispatcherServlet'
2020-08-31 11:10:19.782  INFO 10056 --- [http-nio-8080-exec-1] o.s.web.servlet.DispatcherServlet        : Initializing Servlet 'dispatcherServlet'
2020-08-31 11:10:19.788  INFO 10056 --- [http-nio-8080-exec-1] o.s.web.servlet.DispatcherServlet        : Completed initialization in 6 ms
2020-08-31 11:11:54.158  INFO 13324 --- [main] c.b.s.wfx.SpringbootWfxApplication       : Starting SpringbootWfxApplication on DESKTOP-LI5ND8M with PID 13324 (F:\github\SpringBoot-wfx\target\classes started by bessc in F:\github\SpringBoot-wfx)
2020-08-31 11:11:54.162  INFO 13324 --- [main] c.b.s.wfx.SpringbootWfxApplication       : No active profile set, falling back to default profiles: default
2020-08-31 11:11:55.420  INFO 13324 --- [main] o.s.b.w.embedded.tomcat.TomcatWebServer  : Tomcat initialized with port(s): 8080 (http)
2020-08-31 11:11:55.427  INFO 13324 --- [main] o.apache.catalina.core.StandardService   : Starting service [Tomcat]
2020-08-31 11:11:55.428  INFO 13324 --- [main] org.apache.catalina.core.StandardEngine  : Starting Servlet engine: [Apache Tomcat/9.0.37]
2020-08-31 11:11:55.430  INFO 13324 --- [main] o.a.catalina.core.AprLifecycleListener   : Loaded Apache Tomcat Native library [1.2.24] using APR version [1.7.0].
2020-08-31 11:11:55.430  INFO 13324 --- [main] o.a.catalina.core.AprLifecycleListener   : APR capabilities: IPv6 [true], sendfile [true], accept filters [false], random [true].
2020-08-31 11:11:55.430  INFO 13324 --- [main] o.a.catalina.core.AprLifecycleListener   : APR/OpenSSL configuration: useAprConnector [false], useOpenSSL [true]
2020-08-31 11:11:55.434  INFO 13324 --- [main] o.a.catalina.core.AprLifecycleListener   : OpenSSL successfully initialized [OpenSSL 1.1.1g  21 Apr 2020]
2020-08-31 11:11:55.517  INFO 13324 --- [main] o.a.c.c.C.[Tomcat].[localhost].[/]       : Initializing Spring embedded WebApplicationContext
2020-08-31 11:11:55.517  INFO 13324 --- [main] w.s.c.ServletWebServerApplicationContext : Root WebApplicationContext: initialization completed in 1298 ms
2020-08-31 11:11:55.609  INFO 13324 --- [main] c.a.d.s.b.a.DruidDataSourceAutoConfigure : Init DruidDataSource
2020-08-31 11:11:55.735  INFO 13324 --- [main] com.alibaba.druid.pool.DruidDataSource   : {dataSource-1} inited
2020-08-31 11:11:56.194  INFO 13324 --- [main] pertySourcedRequestMappingHandlerMapping : Mapped URL path [/v2/api-docs] onto method [springfox.documentation.swagger2.web.Swagger2Controller#getDocumentation(String, HttpServletRequest)]
2020-08-31 11:11:56.324  INFO 13324 --- [main] o.s.s.concurrent.ThreadPoolTaskExecutor  : Initializing ExecutorService 'applicationTaskExecutor'
2020-08-31 11:11:56.373  INFO 13324 --- [main] o.s.b.a.w.s.WelcomePageHandlerMapping    : Adding welcome page: ServletContext resource [/index.html]
2020-08-31 11:11:56.496  INFO 13324 --- [main] o.s.b.w.embedded.tomcat.TomcatWebServer  : Tomcat started on port(s): 8080 (http) with context path ''
2020-08-31 11:11:56.497  INFO 13324 --- [main] d.s.w.p.DocumentationPluginsBootstrapper : Context refreshed
2020-08-31 11:11:56.512  INFO 13324 --- [main] d.s.w.p.DocumentationPluginsBootstrapper : Found 1 custom documentation plugin(s)
2020-08-31 11:11:56.538  INFO 13324 --- [main] s.d.s.w.s.ApiListingReferenceScanner     : Scanning for api listing references
2020-08-31 11:11:56.647  INFO 13324 --- [main] .d.s.w.r.o.CachingOperationNameGenerator : Generating unique operation named: loginUsingPOST_1
2020-08-31 11:11:56.662  INFO 13324 --- [main] c.b.s.wfx.SpringbootWfxApplication       : Started SpringbootWfxApplication in 2.933 seconds (JVM running for 4.382)
2020-08-31 11:12:26.546  INFO 13324 --- [http-nio-8080-exec-1] o.a.c.c.C.[Tomcat].[localhost].[/]       : Initializing Spring DispatcherServlet 'dispatcherServlet'
2020-08-31 11:12:26.546  INFO 13324 --- [http-nio-8080-exec-1] o.s.web.servlet.DispatcherServlet        : Initializing Servlet 'dispatcherServlet'
2020-08-31 11:12:26.553  INFO 13324 --- [http-nio-8080-exec-1] o.s.web.servlet.DispatcherServlet        : Completed initialization in 7 ms
2020-08-31 11:18:14.242  INFO 3236 --- [main] c.b.s.wfx.SpringbootWfxApplication       : Starting SpringbootWfxApplication on DESKTOP-LI5ND8M with PID 3236 (F:\github\SpringBoot-wfx\target\classes started by bessc in F:\github\SpringBoot-wfx)
2020-08-31 11:18:14.246  INFO 3236 --- [main] c.b.s.wfx.SpringbootWfxApplication       : No active profile set, falling back to default profiles: default
2020-08-31 11:18:15.372  INFO 3236 --- [main] o.s.b.w.embedded.tomcat.TomcatWebServer  : Tomcat initialized with port(s): 8080 (http)
2020-08-31 11:18:15.379  INFO 3236 --- [main] o.apache.catalina.core.StandardService   : Starting service [Tomcat]
2020-08-31 11:18:15.379  INFO 3236 --- [main] org.apache.catalina.core.StandardEngine  : Starting Servlet engine: [Apache Tomcat/9.0.37]
2020-08-31 11:18:15.381  INFO 3236 --- [main] o.a.catalina.core.AprLifecycleListener   : Loaded Apache Tomcat Native library [1.2.24] using APR version [1.7.0].
2020-08-31 11:18:15.381  INFO 3236 --- [main] o.a.catalina.core.AprLifecycleListener   : APR capabilities: IPv6 [true], sendfile [true], accept filters [false], random [true].
2020-08-31 11:18:15.381  INFO 3236 --- [main] o.a.catalina.core.AprLifecycleListener   : APR/OpenSSL configuration: useAprConnector [false], useOpenSSL [true]
2020-08-31 11:18:15.384  INFO 3236 --- [main] o.a.catalina.core.AprLifecycleListener   : OpenSSL successfully initialized [OpenSSL 1.1.1g  21 Apr 2020]
2020-08-31 11:18:15.457  INFO 3236 --- [main] o.a.c.c.C.[Tomcat].[localhost].[/]       : Initializing Spring embedded WebApplicationContext
2020-08-31 11:18:15.457  INFO 3236 --- [main] w.s.c.ServletWebServerApplicationContext : Root WebApplicationContext: initialization completed in 1138 ms
2020-08-31 11:18:15.524  INFO 3236 --- [main] c.a.d.s.b.a.DruidDataSourceAutoConfigure : Init DruidDataSource
2020-08-31 11:18:15.624  INFO 3236 --- [main] com.alibaba.druid.pool.DruidDataSource   : {dataSource-1} inited
2020-08-31 11:18:16.078  INFO 3236 --- [main] pertySourcedRequestMappingHandlerMapping : Mapped URL path [/v2/api-docs] onto method [springfox.documentation.swagger2.web.Swagger2Controller#getDocumentation(String, HttpServletRequest)]
2020-08-31 11:18:16.240  INFO 3236 --- [main] o.s.s.concurrent.ThreadPoolTaskExecutor  : Initializing ExecutorService 'applicationTaskExecutor'
2020-08-31 11:18:16.298  INFO 3236 --- [main] o.s.b.a.w.s.WelcomePageHandlerMapping    : Adding welcome page: ServletContext resource [/index.html]
2020-08-31 11:18:16.410  INFO 3236 --- [main] o.s.b.w.embedded.tomcat.TomcatWebServer  : Tomcat started on port(s): 8080 (http) with context path ''
2020-08-31 11:18:16.411  INFO 3236 --- [main] d.s.w.p.DocumentationPluginsBootstrapper : Context refreshed
2020-08-31 11:18:16.425  INFO 3236 --- [main] d.s.w.p.DocumentationPluginsBootstrapper : Found 1 custom documentation plugin(s)
2020-08-31 11:18:16.450  INFO 3236 --- [main] s.d.s.w.s.ApiListingReferenceScanner     : Scanning for api listing references
2020-08-31 11:18:16.545  INFO 3236 --- [main] .d.s.w.r.o.CachingOperationNameGenerator : Generating unique operation named: loginUsingPOST_1
2020-08-31 11:18:16.559  INFO 3236 --- [main] c.b.s.wfx.SpringbootWfxApplication       : Started SpringbootWfxApplication in 2.79 seconds (JVM running for 4.319)
2020-08-31 11:18:31.965  INFO 3236 --- [http-nio-8080-exec-1] o.a.c.c.C.[Tomcat].[localhost].[/]       : Initializing Spring DispatcherServlet 'dispatcherServlet'
2020-08-31 11:18:31.966  INFO 3236 --- [http-nio-8080-exec-1] o.s.web.servlet.DispatcherServlet        : Initializing Servlet 'dispatcherServlet'
2020-08-31 11:18:31.971  INFO 3236 --- [http-nio-8080-exec-1] o.s.web.servlet.DispatcherServlet        : Completed initialization in 5 ms
2020-08-31 11:25:20.594  INFO 19764 --- [main] c.b.s.wfx.SpringbootWfxApplication       : Starting SpringbootWfxApplication on DESKTOP-LI5ND8M with PID 19764 (F:\github\SpringBoot-wfx\target\classes started by bessc in F:\github\SpringBoot-wfx)
2020-08-31 11:25:20.598  INFO 19764 --- [main] c.b.s.wfx.SpringbootWfxApplication       : No active profile set, falling back to default profiles: default
2020-08-31 11:25:21.967  INFO 19764 --- [main] o.s.b.w.embedded.tomcat.TomcatWebServer  : Tomcat initialized with port(s): 8080 (http)
2020-08-31 11:25:21.978  INFO 19764 --- [main] o.apache.catalina.core.StandardService   : Starting service [Tomcat]
2020-08-31 11:25:21.978  INFO 19764 --- [main] org.apache.catalina.core.StandardEngine  : Starting Servlet engine: [Apache Tomcat/9.0.37]
2020-08-31 11:25:21.980  INFO 19764 --- [main] o.a.catalina.core.AprLifecycleListener   : Loaded Apache Tomcat Native library [1.2.24] using APR version [1.7.0].
2020-08-31 11:25:21.980  INFO 19764 --- [main] o.a.catalina.core.AprLifecycleListener   : APR capabilities: IPv6 [true], sendfile [true], accept filters [false], random [true].
2020-08-31 11:25:21.980  INFO 19764 --- [main] o.a.catalina.core.AprLifecycleListener   : APR/OpenSSL configuration: useAprConnector [false], useOpenSSL [true]
2020-08-31 11:25:21.983  INFO 19764 --- [main] o.a.catalina.core.AprLifecycleListener   : OpenSSL successfully initialized [OpenSSL 1.1.1g  21 Apr 2020]
2020-08-31 11:25:22.067  INFO 19764 --- [main] o.a.c.c.C.[Tomcat].[localhost].[/]       : Initializing Spring embedded WebApplicationContext
2020-08-31 11:25:22.067  INFO 19764 --- [main] w.s.c.ServletWebServerApplicationContext : Root WebApplicationContext: initialization completed in 1411 ms
2020-08-31 11:25:22.153  INFO 19764 --- [main] c.a.d.s.b.a.DruidDataSourceAutoConfigure : Init DruidDataSource
2020-08-31 11:25:22.288  INFO 19764 --- [main] com.alibaba.druid.pool.DruidDataSource   : {dataSource-1} inited
2020-08-31 11:25:22.948  INFO 19764 --- [main] pertySourcedRequestMappingHandlerMapping : Mapped URL path [/v2/api-docs] onto method [springfox.documentation.swagger2.web.Swagger2Controller#getDocumentation(String, HttpServletRequest)]
2020-08-31 11:25:23.030  INFO 19764 --- [main] o.s.s.concurrent.ThreadPoolTaskExecutor  : Initializing ExecutorService 'applicationTaskExecutor'
2020-08-31 11:25:23.088  INFO 19764 --- [main] o.s.b.a.w.s.WelcomePageHandlerMapping    : Adding welcome page: ServletContext resource [/index.html]
2020-08-31 11:25:23.218  INFO 19764 --- [main] o.s.b.w.embedded.tomcat.TomcatWebServer  : Tomcat started on port(s): 8080 (http) with context path ''
2020-08-31 11:25:23.219  INFO 19764 --- [main] d.s.w.p.DocumentationPluginsBootstrapper : Context refreshed
2020-08-31 11:25:23.239  INFO 19764 --- [main] d.s.w.p.DocumentationPluginsBootstrapper : Found 1 custom documentation plugin(s)
2020-08-31 11:25:23.272  INFO 19764 --- [main] s.d.s.w.s.ApiListingReferenceScanner     : Scanning for api listing references
2020-08-31 11:25:23.400  INFO 19764 --- [main] .d.s.w.r.o.CachingOperationNameGenerator : Generating unique operation named: loginUsingPOST_1
2020-08-31 11:25:23.420  INFO 19764 --- [main] c.b.s.wfx.SpringbootWfxApplication       : Started SpringbootWfxApplication in 3.339 seconds (JVM running for 5.565)
2020-08-31 11:25:29.429  INFO 19764 --- [http-nio-8080-exec-2] o.a.c.c.C.[Tomcat].[localhost].[/]       : Initializing Spring DispatcherServlet 'dispatcherServlet'
2020-08-31 11:25:29.429  INFO 19764 --- [http-nio-8080-exec-2] o.s.web.servlet.DispatcherServlet        : Initializing Servlet 'dispatcherServlet'
2020-08-31 11:25:29.436  INFO 19764 --- [http-nio-8080-exec-2] o.s.web.servlet.DispatcherServlet        : Completed initialization in 7 ms
2020-08-31 11:28:43.316  INFO 19764 --- [SpringContextShutdownHook] o.s.s.concurrent.ThreadPoolTaskExecutor  : Shutting down ExecutorService 'applicationTaskExecutor'
2020-08-31 11:28:43.318  INFO 19764 --- [SpringContextShutdownHook] com.alibaba.druid.pool.DruidDataSource   : {dataSource-1} closing ...
2020-08-31 11:28:43.322  INFO 19764 --- [SpringContextShutdownHook] com.alibaba.druid.pool.DruidDataSource   : {dataSource-1} closed
2020-08-31 11:29:11.230  INFO 11516 --- [main] c.b.s.wfx.SpringbootWfxApplication       : Starting SpringbootWfxApplication on DESKTOP-LI5ND8M with PID 11516 (F:\github\SpringBoot-wfx\target\classes started by bessc in F:\github\SpringBoot-wfx)
2020-08-31 11:29:11.234  INFO 11516 --- [main] c.b.s.wfx.SpringbootWfxApplication       : No active profile set, falling back to default profiles: default
2020-08-31 11:29:12.390  INFO 11516 --- [main] o.s.b.w.embedded.tomcat.TomcatWebServer  : Tomcat initialized with port(s): 8080 (http)
2020-08-31 11:29:12.397  INFO 11516 --- [main] o.apache.catalina.core.StandardService   : Starting service [Tomcat]
2020-08-31 11:29:12.398  INFO 11516 --- [main] org.apache.catalina.core.StandardEngine  : Starting Servlet engine: [Apache Tomcat/9.0.37]
2020-08-31 11:29:12.399  INFO 11516 --- [main] o.a.catalina.core.AprLifecycleListener   : Loaded Apache Tomcat Native library [1.2.24] using APR version [1.7.0].
2020-08-31 11:29:12.399  INFO 11516 --- [main] o.a.catalina.core.AprLifecycleListener   : APR capabilities: IPv6 [true], sendfile [true], accept filters [false], random [true].
2020-08-31 11:29:12.399  INFO 11516 --- [main] o.a.catalina.core.AprLifecycleListener   : APR/OpenSSL configuration: useAprConnector [false], useOpenSSL [true]
2020-08-31 11:29:12.402  INFO 11516 --- [main] o.a.catalina.core.AprLifecycleListener   : OpenSSL successfully initialized [OpenSSL 1.1.1g  21 Apr 2020]
2020-08-31 11:29:12.479  INFO 11516 --- [main] o.a.c.c.C.[Tomcat].[localhost].[/]       : Initializing Spring embedded WebApplicationContext
2020-08-31 11:29:12.480  INFO 11516 --- [main] w.s.c.ServletWebServerApplicationContext : Root WebApplicationContext: initialization completed in 1197 ms
2020-08-31 11:29:12.600  INFO 11516 --- [main] c.a.d.s.b.a.DruidDataSourceAutoConfigure : Init DruidDataSource
2020-08-31 11:29:12.750  INFO 11516 --- [main] com.alibaba.druid.pool.DruidDataSource   : {dataSource-1} inited
2020-08-31 11:29:13.286  INFO 11516 --- [main] pertySourcedRequestMappingHandlerMapping : Mapped URL path [/v2/api-docs] onto method [springfox.documentation.swagger2.web.Swagger2Controller#getDocumentation(String, HttpServletRequest)]
2020-08-31 11:29:13.456  INFO 11516 --- [main] o.s.s.concurrent.ThreadPoolTaskExecutor  : Initializing ExecutorService 'applicationTaskExecutor'
2020-08-31 11:29:13.503  INFO 11516 --- [main] o.s.b.a.w.s.WelcomePageHandlerMapping    : Adding welcome page: ServletContext resource [/index.html]
2020-08-31 11:29:13.665  INFO 11516 --- [main] o.s.b.w.embedded.tomcat.TomcatWebServer  : Tomcat started on port(s): 8080 (http) with context path ''
2020-08-31 11:29:13.666  INFO 11516 --- [main] d.s.w.p.DocumentationPluginsBootstrapper : Context refreshed
2020-08-31 11:29:13.683  INFO 11516 --- [main] d.s.w.p.DocumentationPluginsBootstrapper : Found 1 custom documentation plugin(s)
2020-08-31 11:29:13.716  INFO 11516 --- [main] s.d.s.w.s.ApiListingReferenceScanner     : Scanning for api listing references
2020-08-31 11:29:13.865  INFO 11516 --- [main] .d.s.w.r.o.CachingOperationNameGenerator : Generating unique operation named: loginUsingPOST_1
2020-08-31 11:29:13.883  INFO 11516 --- [main] c.b.s.wfx.SpringbootWfxApplication       : Started SpringbootWfxApplication in 3.027 seconds (JVM running for 4.671)
2020-08-31 11:29:16.965  INFO 11516 --- [http-nio-8080-exec-2] o.a.c.c.C.[Tomcat].[localhost].[/]       : Initializing Spring DispatcherServlet 'dispatcherServlet'
2020-08-31 11:29:16.965  INFO 11516 --- [http-nio-8080-exec-2] o.s.web.servlet.DispatcherServlet        : Initializing Servlet 'dispatcherServlet'
2020-08-31 11:29:16.974  INFO 11516 --- [http-nio-8080-exec-2] o.s.web.servlet.DispatcherServlet        : Completed initialization in 9 ms
2020-08-31 11:32:27.597  INFO 9876 --- [main] c.b.s.wfx.SpringbootWfxApplication       : Starting SpringbootWfxApplication on DESKTOP-LI5ND8M with PID 9876 (F:\github\SpringBoot-wfx\target\classes started by bessc in F:\github\SpringBoot-wfx)
2020-08-31 11:32:27.601  INFO 9876 --- [main] c.b.s.wfx.SpringbootWfxApplication       : No active profile set, falling back to default profiles: default
2020-08-31 11:32:28.736  INFO 9876 --- [main] o.s.b.w.embedded.tomcat.TomcatWebServer  : Tomcat initialized with port(s): 8080 (http)
2020-08-31 11:32:28.743  INFO 9876 --- [main] o.apache.catalina.core.StandardService   : Starting service [Tomcat]
2020-08-31 11:32:28.743  INFO 9876 --- [main] org.apache.catalina.core.StandardEngine  : Starting Servlet engine: [Apache Tomcat/9.0.37]
2020-08-31 11:32:28.745  INFO 9876 --- [main] o.a.catalina.core.AprLifecycleListener   : Loaded Apache Tomcat Native library [1.2.24] using APR version [1.7.0].
2020-08-31 11:32:28.745  INFO 9876 --- [main] o.a.catalina.core.AprLifecycleListener   : APR capabilities: IPv6 [true], sendfile [true], accept filters [false], random [true].
2020-08-31 11:32:28.745  INFO 9876 --- [main] o.a.catalina.core.AprLifecycleListener   : APR/OpenSSL configuration: useAprConnector [false], useOpenSSL [true]
2020-08-31 11:32:28.748  INFO 9876 --- [main] o.a.catalina.core.AprLifecycleListener   : OpenSSL successfully initialized [OpenSSL 1.1.1g  21 Apr 2020]
2020-08-31 11:32:28.815  INFO 9876 --- [main] o.a.c.c.C.[Tomcat].[localhost].[/]       : Initializing Spring embedded WebApplicationContext
2020-08-31 11:32:28.815  INFO 9876 --- [main] w.s.c.ServletWebServerApplicationContext : Root WebApplicationContext: initialization completed in 1159 ms
2020-08-31 11:32:28.892  INFO 9876 --- [main] c.a.d.s.b.a.DruidDataSourceAutoConfigure : Init DruidDataSource
2020-08-31 11:32:28.997  INFO 9876 --- [main] com.alibaba.druid.pool.DruidDataSource   : {dataSource-1} inited
2020-08-31 11:32:29.463  INFO 9876 --- [main] pertySourcedRequestMappingHandlerMapping : Mapped URL path [/v2/api-docs] onto method [springfox.documentation.swagger2.web.Swagger2Controller#getDocumentation(String, HttpServletRequest)]
2020-08-31 11:32:29.616  INFO 9876 --- [main] o.s.s.concurrent.ThreadPoolTaskExecutor  : Initializing ExecutorService 'applicationTaskExecutor'
2020-08-31 11:32:29.670  INFO 9876 --- [main] o.s.b.a.w.s.WelcomePageHandlerMapping    : Adding welcome page: ServletContext resource [/index.html]
2020-08-31 11:32:29.790  INFO 9876 --- [main] o.s.b.w.embedded.tomcat.TomcatWebServer  : Tomcat started on port(s): 8080 (http) with context path ''
2020-08-31 11:32:29.791  INFO 9876 --- [main] d.s.w.p.DocumentationPluginsBootstrapper : Context refreshed
2020-08-31 11:32:29.806  INFO 9876 --- [main] d.s.w.p.DocumentationPluginsBootstrapper : Found 1 custom documentation plugin(s)
2020-08-31 11:32:29.829  INFO 9876 --- [main] s.d.s.w.s.ApiListingReferenceScanner     : Scanning for api listing references
2020-08-31 11:32:29.923  INFO 9876 --- [main] .d.s.w.r.o.CachingOperationNameGenerator : Generating unique operation named: loginUsingPOST_1
2020-08-31 11:32:29.936  INFO 9876 --- [main] c.b.s.wfx.SpringbootWfxApplication       : Started SpringbootWfxApplication in 2.752 seconds (JVM running for 4.104)
2020-08-31 11:32:34.645  INFO 9876 --- [http-nio-8080-exec-1] o.a.c.c.C.[Tomcat].[localhost].[/]       : Initializing Spring DispatcherServlet 'dispatcherServlet'
2020-08-31 11:32:34.645  INFO 9876 --- [http-nio-8080-exec-1] o.s.web.servlet.DispatcherServlet        : Initializing Servlet 'dispatcherServlet'
2020-08-31 11:32:34.655  INFO 9876 --- [http-nio-8080-exec-1] o.s.web.servlet.DispatcherServlet        : Completed initialization in 9 ms
2020-08-31 11:35:47.166  INFO 5860 --- [main] c.b.s.wfx.SpringbootWfxApplication       : Starting SpringbootWfxApplication on DESKTOP-LI5ND8M with PID 5860 (F:\github\SpringBoot-wfx\target\classes started by bessc in F:\github\SpringBoot-wfx)
2020-08-31 11:35:47.170  INFO 5860 --- [main] c.b.s.wfx.SpringbootWfxApplication       : No active profile set, falling back to default profiles: default
2020-08-31 11:35:48.436  INFO 5860 --- [main] o.s.b.w.embedded.tomcat.TomcatWebServer  : Tomcat initialized with port(s): 8080 (http)
2020-08-31 11:35:48.446  INFO 5860 --- [main] o.apache.catalina.core.StandardService   : Starting service [Tomcat]
2020-08-31 11:35:48.446  INFO 5860 --- [main] org.apache.catalina.core.StandardEngine  : Starting Servlet engine: [Apache Tomcat/9.0.37]
2020-08-31 11:35:48.447  INFO 5860 --- [main] o.a.catalina.core.AprLifecycleListener   : Loaded Apache Tomcat Native library [1.2.24] using APR version [1.7.0].
2020-08-31 11:35:48.448  INFO 5860 --- [main] o.a.catalina.core.AprLifecycleListener   : APR capabilities: IPv6 [true], sendfile [true], accept filters [false], random [true].
2020-08-31 11:35:48.448  INFO 5860 --- [main] o.a.catalina.core.AprLifecycleListener   : APR/OpenSSL configuration: useAprConnector [false], useOpenSSL [true]
2020-08-31 11:35:48.452  INFO 5860 --- [main] o.a.catalina.core.AprLifecycleListener   : OpenSSL successfully initialized [OpenSSL 1.1.1g  21 Apr 2020]
2020-08-31 11:35:48.534  INFO 5860 --- [main] o.a.c.c.C.[Tomcat].[localhost].[/]       : Initializing Spring embedded WebApplicationContext
2020-08-31 11:35:48.534  INFO 5860 --- [main] w.s.c.ServletWebServerApplicationContext : Root WebApplicationContext: initialization completed in 1293 ms
2020-08-31 11:35:48.621  INFO 5860 --- [main] c.a.d.s.b.a.DruidDataSourceAutoConfigure : Init DruidDataSource
2020-08-31 11:35:48.775  INFO 5860 --- [main] com.alibaba.druid.pool.DruidDataSource   : {dataSource-1} inited
2020-08-31 11:35:49.348  INFO 5860 --- [main] pertySourcedRequestMappingHandlerMapping : Mapped URL path [/v2/api-docs] onto method [springfox.documentation.swagger2.web.Swagger2Controller#getDocumentation(String, HttpServletRequest)]
2020-08-31 11:35:49.475  INFO 5860 --- [main] o.s.s.concurrent.ThreadPoolTaskExecutor  : Initializing ExecutorService 'applicationTaskExecutor'
2020-08-31 11:35:49.529  INFO 5860 --- [main] o.s.b.a.w.s.WelcomePageHandlerMapping    : Adding welcome page: ServletContext resource [/index.html]
2020-08-31 11:35:49.648  INFO 5860 --- [main] o.s.b.w.embedded.tomcat.TomcatWebServer  : Tomcat started on port(s): 8080 (http) with context path ''
2020-08-31 11:35:49.650  INFO 5860 --- [main] d.s.w.p.DocumentationPluginsBootstrapper : Context refreshed
2020-08-31 11:35:49.666  INFO 5860 --- [main] d.s.w.p.DocumentationPluginsBootstrapper : Found 1 custom documentation plugin(s)
2020-08-31 11:35:49.700  INFO 5860 --- [main] s.d.s.w.s.ApiListingReferenceScanner     : Scanning for api listing references
2020-08-31 11:35:49.801  INFO 5860 --- [main] .d.s.w.r.o.CachingOperationNameGenerator : Generating unique operation named: loginUsingPOST_1
2020-08-31 11:35:49.817  INFO 5860 --- [main] c.b.s.wfx.SpringbootWfxApplication       : Started SpringbootWfxApplication in 3.098 seconds (JVM running for 4.517)
2020-08-31 11:35:53.090  INFO 5860 --- [http-nio-8080-exec-1] o.a.c.c.C.[Tomcat].[localhost].[/]       : Initializing Spring DispatcherServlet 'dispatcherServlet'
2020-08-31 11:35:53.091  INFO 5860 --- [http-nio-8080-exec-1] o.s.web.servlet.DispatcherServlet        : Initializing Servlet 'dispatcherServlet'
2020-08-31 11:35:53.096  INFO 5860 --- [http-nio-8080-exec-1] o.s.web.servlet.DispatcherServlet        : Completed initialization in 5 ms
2020-08-31 11:36:39.706  INFO 12304 --- [main] c.b.s.wfx.SpringbootWfxApplication       : Starting SpringbootWfxApplication on DESKTOP-LI5ND8M with PID 12304 (F:\github\SpringBoot-wfx\target\classes started by bessc in F:\github\SpringBoot-wfx)
2020-08-31 11:36:39.711  INFO 12304 --- [main] c.b.s.wfx.SpringbootWfxApplication       : No active profile set, falling back to default profiles: default
2020-08-31 11:36:40.818  INFO 12304 --- [main] o.s.b.w.embedded.tomcat.TomcatWebServer  : Tomcat initialized with port(s): 8080 (http)
2020-08-31 11:36:40.827  INFO 12304 --- [main] o.apache.catalina.core.StandardService   : Starting service [Tomcat]
2020-08-31 11:36:40.827  INFO 12304 --- [main] org.apache.catalina.core.StandardEngine  : Starting Servlet engine: [Apache Tomcat/9.0.37]
2020-08-31 11:36:40.828  INFO 12304 --- [main] o.a.catalina.core.AprLifecycleListener   : Loaded Apache Tomcat Native library [1.2.24] using APR version [1.7.0].
2020-08-31 11:36:40.828  INFO 12304 --- [main] o.a.catalina.core.AprLifecycleListener   : APR capabilities: IPv6 [true], sendfile [true], accept filters [false], random [true].
2020-08-31 11:36:40.828  INFO 12304 --- [main] o.a.catalina.core.AprLifecycleListener   : APR/OpenSSL configuration: useAprConnector [false], useOpenSSL [true]
2020-08-31 11:36:40.831  INFO 12304 --- [main] o.a.catalina.core.AprLifecycleListener   : OpenSSL successfully initialized [OpenSSL 1.1.1g  21 Apr 2020]
2020-08-31 11:36:40.903  INFO 12304 --- [main] o.a.c.c.C.[Tomcat].[localhost].[/]       : Initializing Spring embedded WebApplicationContext
2020-08-31 11:36:40.903  INFO 12304 --- [main] w.s.c.ServletWebServerApplicationContext : Root WebApplicationContext: initialization completed in 1142 ms
2020-08-31 11:36:40.989  INFO 12304 --- [main] c.a.d.s.b.a.DruidDataSourceAutoConfigure : Init DruidDataSource
2020-08-31 11:36:41.103  INFO 12304 --- [main] com.alibaba.druid.pool.DruidDataSource   : {dataSource-1} inited
2020-08-31 11:36:41.596  INFO 12304 --- [main] pertySourcedRequestMappingHandlerMapping : Mapped URL path [/v2/api-docs] onto method [springfox.documentation.swagger2.web.Swagger2Controller#getDocumentation(String, HttpServletRequest)]
2020-08-31 11:36:41.741  INFO 12304 --- [main] o.s.s.concurrent.ThreadPoolTaskExecutor  : Initializing ExecutorService 'applicationTaskExecutor'
2020-08-31 11:36:41.791  INFO 12304 --- [main] o.s.b.a.w.s.WelcomePageHandlerMapping    : Adding welcome page: ServletContext resource [/index.html]
2020-08-31 11:36:41.935  INFO 12304 --- [main] o.s.b.w.embedded.tomcat.TomcatWebServer  : Tomcat started on port(s): 8080 (http) with context path ''
2020-08-31 11:36:41.936  INFO 12304 --- [main] d.s.w.p.DocumentationPluginsBootstrapper : Context refreshed
2020-08-31 11:36:41.955  INFO 12304 --- [main] d.s.w.p.DocumentationPluginsBootstrapper : Found 1 custom documentation plugin(s)
2020-08-31 11:36:41.986  INFO 12304 --- [main] s.d.s.w.s.ApiListingReferenceScanner     : Scanning for api listing references
2020-08-31 11:36:42.116  INFO 12304 --- [main] .d.s.w.r.o.CachingOperationNameGenerator : Generating unique operation named: loginUsingPOST_1
2020-08-31 11:36:42.142  INFO 12304 --- [main] c.b.s.wfx.SpringbootWfxApplication       : Started SpringbootWfxApplication in 2.942 seconds (JVM running for 4.378)
2020-08-31 11:36:48.571  INFO 12304 --- [http-nio-8080-exec-1] o.a.c.c.C.[Tomcat].[localhost].[/]       : Initializing Spring DispatcherServlet 'dispatcherServlet'
2020-08-31 11:36:48.571  INFO 12304 --- [http-nio-8080-exec-1] o.s.web.servlet.DispatcherServlet        : Initializing Servlet 'dispatcherServlet'
2020-08-31 11:36:48.578  INFO 12304 --- [http-nio-8080-exec-1] o.s.web.servlet.DispatcherServlet        : Completed initialization in 7 ms
2020-08-31 11:38:34.436  INFO 11904 --- [main] c.b.s.wfx.SpringbootWfxApplication       : Starting SpringbootWfxApplication on DESKTOP-LI5ND8M with PID 11904 (F:\github\SpringBoot-wfx\target\classes started by bessc in F:\github\SpringBoot-wfx)
2020-08-31 11:38:34.440  INFO 11904 --- [main] c.b.s.wfx.SpringbootWfxApplication       : No active profile set, falling back to default profiles: default
2020-08-31 11:38:35.646  INFO 11904 --- [main] o.s.b.w.embedded.tomcat.TomcatWebServer  : Tomcat initialized with port(s): 8080 (http)
2020-08-31 11:38:35.654  INFO 11904 --- [main] o.apache.catalina.core.StandardService   : Starting service [Tomcat]
2020-08-31 11:38:35.654  INFO 11904 --- [main] org.apache.catalina.core.StandardEngine  : Starting Servlet engine: [Apache Tomcat/9.0.37]
2020-08-31 11:38:35.655  INFO 11904 --- [main] o.a.catalina.core.AprLifecycleListener   : Loaded Apache Tomcat Native library [1.2.24] using APR version [1.7.0].
2020-08-31 11:38:35.655  INFO 11904 --- [main] o.a.catalina.core.AprLifecycleListener   : APR capabilities: IPv6 [true], sendfile [true], accept filters [false], random [true].
2020-08-31 11:38:35.656  INFO 11904 --- [main] o.a.catalina.core.AprLifecycleListener   : APR/OpenSSL configuration: useAprConnector [false], useOpenSSL [true]
2020-08-31 11:38:35.659  INFO 11904 --- [main] o.a.catalina.core.AprLifecycleListener   : OpenSSL successfully initialized [OpenSSL 1.1.1g  21 Apr 2020]
2020-08-31 11:38:35.731  INFO 11904 --- [main] o.a.c.c.C.[Tomcat].[localhost].[/]       : Initializing Spring embedded WebApplicationContext
2020-08-31 11:38:35.731  INFO 11904 --- [main] w.s.c.ServletWebServerApplicationContext : Root WebApplicationContext: initialization completed in 1225 ms
2020-08-31 11:38:35.811  INFO 11904 --- [main] c.a.d.s.b.a.DruidDataSourceAutoConfigure : Init DruidDataSource
2020-08-31 11:38:35.915  INFO 11904 --- [main] com.alibaba.druid.pool.DruidDataSource   : {dataSource-1} inited
2020-08-31 11:38:36.399  INFO 11904 --- [main] pertySourcedRequestMappingHandlerMapping : Mapped URL path [/v2/api-docs] onto method [springfox.documentation.swagger2.web.Swagger2Controller#getDocumentation(String, HttpServletRequest)]
2020-08-31 11:38:36.520  INFO 11904 --- [main] o.s.s.concurrent.ThreadPoolTaskExecutor  : Initializing ExecutorService 'applicationTaskExecutor'
2020-08-31 11:38:36.570  INFO 11904 --- [main] o.s.b.a.w.s.WelcomePageHandlerMapping    : Adding welcome page: ServletContext resource [/index.html]
2020-08-31 11:38:36.690  INFO 11904 --- [main] o.s.b.w.embedded.tomcat.TomcatWebServer  : Tomcat started on port(s): 8080 (http) with context path ''
2020-08-31 11:38:36.691  INFO 11904 --- [main] d.s.w.p.DocumentationPluginsBootstrapper : Context refreshed
2020-08-31 11:38:36.705  INFO 11904 --- [main] d.s.w.p.DocumentationPluginsBootstrapper : Found 1 custom documentation plugin(s)
2020-08-31 11:38:36.730  INFO 11904 --- [main] s.d.s.w.s.ApiListingReferenceScanner     : Scanning for api listing references
2020-08-31 11:38:36.828  INFO 11904 --- [main] .d.s.w.r.o.CachingOperationNameGenerator : Generating unique operation named: loginUsingPOST_1
2020-08-31 11:38:36.843  INFO 11904 --- [main] c.b.s.wfx.SpringbootWfxApplication       : Started SpringbootWfxApplication in 2.865 seconds (JVM running for 4.29)
2020-08-31 11:38:46.646  INFO 11904 --- [http-nio-8080-exec-1] o.a.c.c.C.[Tomcat].[localhost].[/]       : Initializing Spring DispatcherServlet 'dispatcherServlet'
2020-08-31 11:38:46.646  INFO 11904 --- [http-nio-8080-exec-1] o.s.web.servlet.DispatcherServlet        : Initializing Servlet 'dispatcherServlet'
2020-08-31 11:38:46.652  INFO 11904 --- [http-nio-8080-exec-1] o.s.web.servlet.DispatcherServlet        : Completed initialization in 6 ms
2020-08-31 11:45:14.693  INFO 1008 --- [main] c.b.s.wfx.SpringbootWfxApplication       : Starting SpringbootWfxApplication on DESKTOP-LI5ND8M with PID 1008 (F:\github\SpringBoot-wfx\target\classes started by bessc in F:\github\SpringBoot-wfx)
2020-08-31 11:45:14.696  INFO 1008 --- [main] c.b.s.wfx.SpringbootWfxApplication       : No active profile set, falling back to default profiles: default
2020-08-31 11:45:15.890  INFO 1008 --- [main] o.s.b.w.embedded.tomcat.TomcatWebServer  : Tomcat initialized with port(s): 8080 (http)
2020-08-31 11:45:15.897  INFO 1008 --- [main] o.apache.catalina.core.StandardService   : Starting service [Tomcat]
2020-08-31 11:45:15.898  INFO 1008 --- [main] org.apache.catalina.core.StandardEngine  : Starting Servlet engine: [Apache Tomcat/9.0.37]
2020-08-31 11:45:15.899  INFO 1008 --- [main] o.a.catalina.core.AprLifecycleListener   : Loaded Apache Tomcat Native library [1.2.24] using APR version [1.7.0].
2020-08-31 11:45:15.899  INFO 1008 --- [main] o.a.catalina.core.AprLifecycleListener   : APR capabilities: IPv6 [true], sendfile [true], accept filters [false], random [true].
2020-08-31 11:45:15.899  INFO 1008 --- [main] o.a.catalina.core.AprLifecycleListener   : APR/OpenSSL configuration: useAprConnector [false], useOpenSSL [true]
2020-08-31 11:45:15.902  INFO 1008 --- [main] o.a.catalina.core.AprLifecycleListener   : OpenSSL successfully initialized [OpenSSL 1.1.1g  21 Apr 2020]
2020-08-31 11:45:15.978  INFO 1008 --- [main] o.a.c.c.C.[Tomcat].[localhost].[/]       : Initializing Spring embedded WebApplicationContext
2020-08-31 11:45:15.979  INFO 1008 --- [main] w.s.c.ServletWebServerApplicationContext : Root WebApplicationContext: initialization completed in 1229 ms
2020-08-31 11:45:16.065  INFO 1008 --- [main] c.a.d.s.b.a.DruidDataSourceAutoConfigure : Init DruidDataSource
2020-08-31 11:45:16.169  INFO 1008 --- [main] com.alibaba.druid.pool.DruidDataSource   : {dataSource-1} inited
2020-08-31 11:45:16.618  INFO 1008 --- [main] pertySourcedRequestMappingHandlerMapping : Mapped URL path [/v2/api-docs] onto method [springfox.documentation.swagger2.web.Swagger2Controller#getDocumentation(String, HttpServletRequest)]
2020-08-31 11:45:16.780  INFO 1008 --- [main] o.s.s.concurrent.ThreadPoolTaskExecutor  : Initializing ExecutorService 'applicationTaskExecutor'
2020-08-31 11:45:16.826  INFO 1008 --- [main] o.s.b.a.w.s.WelcomePageHandlerMapping    : Adding welcome page: ServletContext resource [/index.html]
2020-08-31 11:45:16.940  INFO 1008 --- [main] o.s.b.w.embedded.tomcat.TomcatWebServer  : Tomcat started on port(s): 8080 (http) with context path ''
2020-08-31 11:45:16.941  INFO 1008 --- [main] d.s.w.p.DocumentationPluginsBootstrapper : Context refreshed
2020-08-31 11:45:16.958  INFO 1008 --- [main] d.s.w.p.DocumentationPluginsBootstrapper : Found 1 custom documentation plugin(s)
2020-08-31 11:45:16.986  INFO 1008 --- [main] s.d.s.w.s.ApiListingReferenceScanner     : Scanning for api listing references
2020-08-31 11:45:17.088  INFO 1008 --- [main] .d.s.w.r.o.CachingOperationNameGenerator : Generating unique operation named: loginUsingPOST_1
2020-08-31 11:45:17.103  INFO 1008 --- [main] c.b.s.wfx.SpringbootWfxApplication       : Started SpringbootWfxApplication in 2.851 seconds (JVM running for 4.337)
2020-08-31 11:45:47.031  INFO 1008 --- [http-nio-8080-exec-1] o.a.c.c.C.[Tomcat].[localhost].[/]       : Initializing Spring DispatcherServlet 'dispatcherServlet'
2020-08-31 11:45:47.032  INFO 1008 --- [http-nio-8080-exec-1] o.s.web.servlet.DispatcherServlet        : Initializing Servlet 'dispatcherServlet'
2020-08-31 11:45:47.038  INFO 1008 --- [http-nio-8080-exec-1] o.s.web.servlet.DispatcherServlet        : Completed initialization in 6 ms
2020-08-31 11:55:55.784  INFO 16404 --- [main] c.b.s.wfx.SpringbootWfxApplication       : Starting SpringbootWfxApplication on DESKTOP-LI5ND8M with PID 16404 (F:\github\SpringBoot-wfx\target\classes started by bessc in F:\github\SpringBoot-wfx)
2020-08-31 11:55:55.787  INFO 16404 --- [main] c.b.s.wfx.SpringbootWfxApplication       : No active profile set, falling back to default profiles: default
2020-08-31 11:55:56.966  INFO 16404 --- [main] o.s.b.w.embedded.tomcat.TomcatWebServer  : Tomcat initialized with port(s): 8080 (http)
2020-08-31 11:55:56.974  INFO 16404 --- [main] o.apache.catalina.core.StandardService   : Starting service [Tomcat]
2020-08-31 11:55:56.975  INFO 16404 --- [main] org.apache.catalina.core.StandardEngine  : Starting Servlet engine: [Apache Tomcat/9.0.37]
2020-08-31 11:55:56.976  INFO 16404 --- [main] o.a.catalina.core.AprLifecycleListener   : Loaded Apache Tomcat Native library [1.2.24] using APR version [1.7.0].
2020-08-31 11:55:56.976  INFO 16404 --- [main] o.a.catalina.core.AprLifecycleListener   : APR capabilities: IPv6 [true], sendfile [true], accept filters [false], random [true].
2020-08-31 11:55:56.977  INFO 16404 --- [main] o.a.catalina.core.AprLifecycleListener   : APR/OpenSSL configuration: useAprConnector [false], useOpenSSL [true]
2020-08-31 11:55:56.980  INFO 16404 --- [main] o.a.catalina.core.AprLifecycleListener   : OpenSSL successfully initialized [OpenSSL 1.1.1g  21 Apr 2020]
2020-08-31 11:55:57.055  INFO 16404 --- [main] o.a.c.c.C.[Tomcat].[localhost].[/]       : Initializing Spring embedded WebApplicationContext
2020-08-31 11:55:57.055  INFO 16404 --- [main] w.s.c.ServletWebServerApplicationContext : Root WebApplicationContext: initialization completed in 1207 ms
2020-08-31 11:55:57.141  INFO 16404 --- [main] c.a.d.s.b.a.DruidDataSourceAutoConfigure : Init DruidDataSource
2020-08-31 11:55:57.239  INFO 16404 --- [main] com.alibaba.druid.pool.DruidDataSource   : {dataSource-1} inited
2020-08-31 11:55:57.730  INFO 16404 --- [main] pertySourcedRequestMappingHandlerMapping : Mapped URL path [/v2/api-docs] onto method [springfox.documentation.swagger2.web.Swagger2Controller#getDocumentation(String, HttpServletRequest)]
2020-08-31 11:55:57.876  INFO 16404 --- [main] o.s.s.concurrent.ThreadPoolTaskExecutor  : Initializing ExecutorService 'applicationTaskExecutor'
2020-08-31 11:55:57.926  INFO 16404 --- [main] o.s.b.a.w.s.WelcomePageHandlerMapping    : Adding welcome page: ServletContext resource [/index.html]
2020-08-31 11:55:58.063  INFO 16404 --- [main] o.s.b.w.embedded.tomcat.TomcatWebServer  : Tomcat started on port(s): 8080 (http) with context path ''
2020-08-31 11:55:58.064  INFO 16404 --- [main] d.s.w.p.DocumentationPluginsBootstrapper : Context refreshed
2020-08-31 11:55:58.084  INFO 16404 --- [main] d.s.w.p.DocumentationPluginsBootstrapper : Found 1 custom documentation plugin(s)
2020-08-31 11:55:58.116  INFO 16404 --- [main] s.d.s.w.s.ApiListingReferenceScanner     : Scanning for api listing references
2020-08-31 11:55:58.234  INFO 16404 --- [main] .d.s.w.r.o.CachingOperationNameGenerator : Generating unique operation named: getInfoUsingGET_1
2020-08-31 11:55:58.237  INFO 16404 --- [main] .d.s.w.r.o.CachingOperationNameGenerator : Generating unique operation named: loginUsingPOST_1
2020-08-31 11:55:58.260  INFO 16404 --- [main] c.b.s.wfx.SpringbootWfxApplication       : Started SpringbootWfxApplication in 2.915 seconds (JVM running for 4.282)
2020-08-31 11:56:35.851  INFO 16404 --- [http-nio-8080-exec-1] o.a.c.c.C.[Tomcat].[localhost].[/]       : Initializing Spring DispatcherServlet 'dispatcherServlet'
2020-08-31 11:56:35.852  INFO 16404 --- [http-nio-8080-exec-1] o.s.web.servlet.DispatcherServlet        : Initializing Servlet 'dispatcherServlet'
2020-08-31 11:56:35.857  INFO 16404 --- [http-nio-8080-exec-1] o.s.web.servlet.DispatcherServlet        : Completed initialization in 5 ms
2020-08-31 12:00:30.785  INFO 10416 --- [main] c.b.s.wfx.SpringbootWfxApplication       : Starting SpringbootWfxApplication on DESKTOP-LI5ND8M with PID 10416 (F:\github\SpringBoot-wfx\target\classes started by bessc in F:\github\SpringBoot-wfx)
2020-08-31 12:00:30.790  INFO 10416 --- [main] c.b.s.wfx.SpringbootWfxApplication       : No active profile set, falling back to default profiles: default
2020-08-31 12:00:32.265  INFO 10416 --- [main] o.s.b.w.embedded.tomcat.TomcatWebServer  : Tomcat initialized with port(s): 8080 (http)
2020-08-31 12:00:32.274  INFO 10416 --- [main] o.apache.catalina.core.StandardService   : Starting service [Tomcat]
2020-08-31 12:00:32.275  INFO 10416 --- [main] org.apache.catalina.core.StandardEngine  : Starting Servlet engine: [Apache Tomcat/9.0.37]
2020-08-31 12:00:32.276  INFO 10416 --- [main] o.a.catalina.core.AprLifecycleListener   : Loaded Apache Tomcat Native library [1.2.24] using APR version [1.7.0].
2020-08-31 12:00:32.277  INFO 10416 --- [main] o.a.catalina.core.AprLifecycleListener   : APR capabilities: IPv6 [true], sendfile [true], accept filters [false], random [true].
2020-08-31 12:00:32.277  INFO 10416 --- [main] o.a.catalina.core.AprLifecycleListener   : APR/OpenSSL configuration: useAprConnector [false], useOpenSSL [true]
2020-08-31 12:00:32.280  INFO 10416 --- [main] o.a.catalina.core.AprLifecycleListener   : OpenSSL successfully initialized [OpenSSL 1.1.1g  21 Apr 2020]
2020-08-31 12:00:32.363  INFO 10416 --- [main] o.a.c.c.C.[Tomcat].[localhost].[/]       : Initializing Spring embedded WebApplicationContext
2020-08-31 12:00:32.364  INFO 10416 --- [main] w.s.c.ServletWebServerApplicationContext : Root WebApplicationContext: initialization completed in 1499 ms
2020-08-31 12:00:32.476  INFO 10416 --- [main] c.a.d.s.b.a.DruidDataSourceAutoConfigure : Init DruidDataSource
2020-08-31 12:00:32.611  INFO 10416 --- [main] com.alibaba.druid.pool.DruidDataSource   : {dataSource-1} inited
2020-08-31 12:00:33.280  INFO 10416 --- [main] pertySourcedRequestMappingHandlerMapping : Mapped URL path [/v2/api-docs] onto method [springfox.documentation.swagger2.web.Swagger2Controller#getDocumentation(String, HttpServletRequest)]
2020-08-31 12:00:33.369  INFO 10416 --- [main] o.s.s.concurrent.ThreadPoolTaskExecutor  : Initializing ExecutorService 'applicationTaskExecutor'
2020-08-31 12:00:33.429  INFO 10416 --- [main] o.s.b.a.w.s.WelcomePageHandlerMapping    : Adding welcome page: ServletContext resource [/index.html]
2020-08-31 12:00:33.581  INFO 10416 --- [main] o.s.b.w.embedded.tomcat.TomcatWebServer  : Tomcat started on port(s): 8080 (http) with context path ''
2020-08-31 12:00:33.582  INFO 10416 --- [main] d.s.w.p.DocumentationPluginsBootstrapper : Context refreshed
2020-08-31 12:00:33.602  INFO 10416 --- [main] d.s.w.p.DocumentationPluginsBootstrapper : Found 1 custom documentation plugin(s)
2020-08-31 12:00:33.637  INFO 10416 --- [main] s.d.s.w.s.ApiListingReferenceScanner     : Scanning for api listing references
2020-08-31 12:00:33.773  INFO 10416 --- [main] .d.s.w.r.o.CachingOperationNameGenerator : Generating unique operation named: getInfoUsingGET_1
2020-08-31 12:00:33.777  INFO 10416 --- [main] .d.s.w.r.o.CachingOperationNameGenerator : Generating unique operation named: loginUsingPOST_1
2020-08-31 12:00:33.798  INFO 10416 --- [main] c.b.s.wfx.SpringbootWfxApplication       : Started SpringbootWfxApplication in 3.68 seconds (JVM running for 5.892)
2020-08-31 12:00:57.145  INFO 10416 --- [http-nio-8080-exec-1] o.a.c.c.C.[Tomcat].[localhost].[/]       : Initializing Spring DispatcherServlet 'dispatcherServlet'
2020-08-31 12:00:57.146  INFO 10416 --- [http-nio-8080-exec-1] o.s.web.servlet.DispatcherServlet        : Initializing Servlet 'dispatcherServlet'
2020-08-31 12:00:57.152  INFO 10416 --- [http-nio-8080-exec-1] o.s.web.servlet.DispatcherServlet        : Completed initialization in 6 ms
2020-08-31 12:02:30.727  INFO 10416 --- [SpringContextShutdownHook] o.s.s.concurrent.ThreadPoolTaskExecutor  : Shutting down ExecutorService 'applicationTaskExecutor'
2020-08-31 12:02:30.729  INFO 10416 --- [SpringContextShutdownHook] com.alibaba.druid.pool.DruidDataSource   : {dataSource-1} closing ...
2020-08-31 12:02:30.732  INFO 10416 --- [SpringContextShutdownHook] com.alibaba.druid.pool.DruidDataSource   : {dataSource-1} closed
2020-08-31 12:02:39.480  INFO 19472 --- [main] c.b.s.wfx.SpringbootWfxApplication       : Starting SpringbootWfxApplication on DESKTOP-LI5ND8M with PID 19472 (F:\github\SpringBoot-wfx\target\classes started by bessc in F:\github\SpringBoot-wfx)
2020-08-31 12:02:39.485  INFO 19472 --- [main] c.b.s.wfx.SpringbootWfxApplication       : No active profile set, falling back to default profiles: default
2020-08-31 12:02:40.923  INFO 19472 --- [main] o.s.b.w.embedded.tomcat.TomcatWebServer  : Tomcat initialized with port(s): 8080 (http)
2020-08-31 12:02:40.933  INFO 19472 --- [main] o.apache.catalina.core.StandardService   : Starting service [Tomcat]
2020-08-31 12:02:40.933  INFO 19472 --- [main] org.apache.catalina.core.StandardEngine  : Starting Servlet engine: [Apache Tomcat/9.0.37]
2020-08-31 12:02:40.935  INFO 19472 --- [main] o.a.catalina.core.AprLifecycleListener   : Loaded Apache Tomcat Native library [1.2.24] using APR version [1.7.0].
2020-08-31 12:02:40.935  INFO 19472 --- [main] o.a.catalina.core.AprLifecycleListener   : APR capabilities: IPv6 [true], sendfile [true], accept filters [false], random [true].
2020-08-31 12:02:40.935  INFO 19472 --- [main] o.a.catalina.core.AprLifecycleListener   : APR/OpenSSL configuration: useAprConnector [false], useOpenSSL [true]
2020-08-31 12:02:40.939  INFO 19472 --- [main] o.a.catalina.core.AprLifecycleListener   : OpenSSL successfully initialized [OpenSSL 1.1.1g  21 Apr 2020]
2020-08-31 12:02:41.016  INFO 19472 --- [main] o.a.c.c.C.[Tomcat].[localhost].[/]       : Initializing Spring embedded WebApplicationContext
2020-08-31 12:02:41.016  INFO 19472 --- [main] w.s.c.ServletWebServerApplicationContext : Root WebApplicationContext: initialization completed in 1458 ms
2020-08-31 12:02:41.112  INFO 19472 --- [main] c.a.d.s.b.a.DruidDataSourceAutoConfigure : Init DruidDataSource
2020-08-31 12:02:41.246  INFO 19472 --- [main] com.alibaba.druid.pool.DruidDataSource   : {dataSource-1} inited
2020-08-31 12:02:41.954  INFO 19472 --- [main] pertySourcedRequestMappingHandlerMapping : Mapped URL path [/v2/api-docs] onto method [springfox.documentation.swagger2.web.Swagger2Controller#getDocumentation(String, HttpServletRequest)]
2020-08-31 12:02:42.042  INFO 19472 --- [main] o.s.s.concurrent.ThreadPoolTaskExecutor  : Initializing ExecutorService 'applicationTaskExecutor'
2020-08-31 12:02:42.104  INFO 19472 --- [main] o.s.b.a.w.s.WelcomePageHandlerMapping    : Adding welcome page: ServletContext resource [/index.html]
2020-08-31 12:02:42.253  INFO 19472 --- [main] o.s.b.w.embedded.tomcat.TomcatWebServer  : Tomcat started on port(s): 8080 (http) with context path ''
2020-08-31 12:02:42.254  INFO 19472 --- [main] d.s.w.p.DocumentationPluginsBootstrapper : Context refreshed
2020-08-31 12:02:42.277  INFO 19472 --- [main] d.s.w.p.DocumentationPluginsBootstrapper : Found 1 custom documentation plugin(s)
2020-08-31 12:02:42.317  INFO 19472 --- [main] s.d.s.w.s.ApiListingReferenceScanner     : Scanning for api listing references
2020-08-31 12:02:42.454  INFO 19472 --- [main] .d.s.w.r.o.CachingOperationNameGenerator : Generating unique operation named: getInfoUsingGET_1
2020-08-31 12:02:42.458  INFO 19472 --- [main] .d.s.w.r.o.CachingOperationNameGenerator : Generating unique operation named: loginUsingPOST_1
2020-08-31 12:02:42.478  INFO 19472 --- [main] c.b.s.wfx.SpringbootWfxApplication       : Started SpringbootWfxApplication in 3.645 seconds (JVM running for 5.437)
2020-08-31 12:02:47.613  INFO 19472 --- [http-nio-8080-exec-1] o.a.c.c.C.[Tomcat].[localhost].[/]       : Initializing Spring DispatcherServlet 'dispatcherServlet'
2020-08-31 12:02:47.613  INFO 19472 --- [http-nio-8080-exec-1] o.s.web.servlet.DispatcherServlet        : Initializing Servlet 'dispatcherServlet'
2020-08-31 12:02:47.619  INFO 19472 --- [http-nio-8080-exec-1] o.s.web.servlet.DispatcherServlet        : Completed initialization in 6 ms
2020-08-31 12:03:31.302  INFO 19472 --- [SpringContextShutdownHook] o.s.s.concurrent.ThreadPoolTaskExecutor  : Shutting down ExecutorService 'applicationTaskExecutor'
2020-08-31 12:03:31.305  INFO 19472 --- [SpringContextShutdownHook] com.alibaba.druid.pool.DruidDataSource   : {dataSource-1} closing ...
2020-08-31 12:03:31.309  INFO 19472 --- [SpringContextShutdownHook] com.alibaba.druid.pool.DruidDataSource   : {dataSource-1} closed
2020-08-31 12:04:14.531  INFO 4640 --- [main] c.b.s.wfx.SpringbootWfxApplication       : Starting SpringbootWfxApplication on DESKTOP-LI5ND8M with PID 4640 (F:\github\SpringBoot-wfx\target\classes started by bessc in F:\github\SpringBoot-wfx)
2020-08-31 12:04:14.533  INFO 4640 --- [main] c.b.s.wfx.SpringbootWfxApplication       : No active profile set, falling back to default profiles: default
2020-08-31 12:04:15.663  INFO 4640 --- [main] o.s.b.w.embedded.tomcat.TomcatWebServer  : Tomcat initialized with port(s): 8080 (http)
2020-08-31 12:04:15.671  INFO 4640 --- [main] o.apache.catalina.core.StandardService   : Starting service [Tomcat]
2020-08-31 12:04:15.671  INFO 4640 --- [main] org.apache.catalina.core.StandardEngine  : Starting Servlet engine: [Apache Tomcat/9.0.37]
2020-08-31 12:04:15.672  INFO 4640 --- [main] o.a.catalina.core.AprLifecycleListener   : Loaded Apache Tomcat Native library [1.2.24] using APR version [1.7.0].
2020-08-31 12:04:15.672  INFO 4640 --- [main] o.a.catalina.core.AprLifecycleListener   : APR capabilities: IPv6 [true], sendfile [true], accept filters [false], random [true].
2020-08-31 12:04:15.672  INFO 4640 --- [main] o.a.catalina.core.AprLifecycleListener   : APR/OpenSSL configuration: useAprConnector [false], useOpenSSL [true]
2020-08-31 12:04:15.675  INFO 4640 --- [main] o.a.catalina.core.AprLifecycleListener   : OpenSSL successfully initialized [OpenSSL 1.1.1g  21 Apr 2020]
2020-08-31 12:04:15.745  INFO 4640 --- [main] o.a.c.c.C.[Tomcat].[localhost].[/]       : Initializing Spring embedded WebApplicationContext
2020-08-31 12:04:15.746  INFO 4640 --- [main] w.s.c.ServletWebServerApplicationContext : Root WebApplicationContext: initialization completed in 1159 ms
2020-08-31 12:04:15.827  INFO 4640 --- [main] c.a.d.s.b.a.DruidDataSourceAutoConfigure : Init DruidDataSource
2020-08-31 12:04:15.928  INFO 4640 --- [main] com.alibaba.druid.pool.DruidDataSource   : {dataSource-1} inited
2020-08-31 12:04:16.555  INFO 4640 --- [main] pertySourcedRequestMappingHandlerMapping : Mapped URL path [/v2/api-docs] onto method [springfox.documentation.swagger2.web.Swagger2Controller#getDocumentation(String, HttpServletRequest)]
2020-08-31 12:04:16.625  INFO 4640 --- [main] o.s.s.concurrent.ThreadPoolTaskExecutor  : Initializing ExecutorService 'applicationTaskExecutor'
2020-08-31 12:04:16.675  INFO 4640 --- [main] o.s.b.a.w.s.WelcomePageHandlerMapping    : Adding welcome page: ServletContext resource [/index.html]
2020-08-31 12:04:16.804  INFO 4640 --- [main] o.s.b.w.embedded.tomcat.TomcatWebServer  : Tomcat started on port(s): 8080 (http) with context path ''
2020-08-31 12:04:16.806  INFO 4640 --- [main] d.s.w.p.DocumentationPluginsBootstrapper : Context refreshed
2020-08-31 12:04:16.822  INFO 4640 --- [main] d.s.w.p.DocumentationPluginsBootstrapper : Found 1 custom documentation plugin(s)
2020-08-31 12:04:16.850  INFO 4640 --- [main] s.d.s.w.s.ApiListingReferenceScanner     : Scanning for api listing references
2020-08-31 12:04:16.960  INFO 4640 --- [main] .d.s.w.r.o.CachingOperationNameGenerator : Generating unique operation named: getInfoUsingGET_1
2020-08-31 12:04:16.961  INFO 4640 --- [main] .d.s.w.r.o.CachingOperationNameGenerator : Generating unique operation named: loginUsingPOST_1
2020-08-31 12:04:16.976  INFO 4640 --- [main] c.b.s.wfx.SpringbootWfxApplication       : Started SpringbootWfxApplication in 2.903 seconds (JVM running for 4.534)
2020-08-31 12:05:05.719  INFO 4640 --- [http-nio-8080-exec-1] o.a.c.c.C.[Tomcat].[localhost].[/]       : Initializing Spring DispatcherServlet 'dispatcherServlet'
2020-08-31 12:05:05.720  INFO 4640 --- [http-nio-8080-exec-1] o.s.web.servlet.DispatcherServlet        : Initializing Servlet 'dispatcherServlet'
2020-08-31 12:05:05.726  INFO 4640 --- [http-nio-8080-exec-1] o.s.web.servlet.DispatcherServlet        : Completed initialization in 6 ms
